# Preference setting overrides
gui_create_pref_key -category {Globals} -key {load_detail_for_funcov} -value_type {bool} -value {false}

# State setting overrides
gui_state_default_create -off -ini
gui_set_state_value -category Globals -key recent_databases -value {{gui_open_db -file dump.vcd} {gui_open_db -file /SOC-DV/SV-1/Writing-a-complete-Testbench/Combinational/Task-1/dump.vcd -design V1}}
gui_set_state_value -category Layout -key child_console_size_x -value 1365
gui_set_state_value -category Layout -key child_console_size_y -value 174
gui_set_state_value -category Layout -key child_data_size_x -value 169
gui_set_state_value -category Layout -key child_data_size_y -value 426
gui_set_state_value -category Layout -key child_hier_col3 -value {-1}
gui_set_state_value -category Layout -key child_hier_colpd -value 0
gui_set_state_value -category Layout -key child_hier_size_x -value 169
gui_set_state_value -category Layout -key child_hier_size_y -value 426
gui_set_state_value -category Layout -key child_source_docknewline -value false
gui_set_state_value -category Layout -key child_source_pos_x -value {-2}
gui_set_state_value -category Layout -key child_source_pos_y -value {-15}
gui_set_state_value -category Layout -key child_source_size_x -value 1030
gui_set_state_value -category Layout -key child_source_size_y -value 421
gui_set_state_value -category Layout -key child_wave_colname -value 195
gui_set_state_value -category Layout -key child_wave_colvalue -value 195
gui_set_state_value -category Layout -key child_wave_left -value 395
gui_set_state_value -category Layout -key child_wave_right -value 965
gui_set_state_value -category Layout -key main_pos_x -value 0
gui_set_state_value -category Layout -key main_pos_y -value 60
gui_set_state_value -category Layout -key main_size_x -value 1365
gui_set_state_value -category Layout -key main_size_y -value 767
gui_set_state_value -category Layout -key stand_wave_child_docknewline -value false
gui_set_state_value -category Layout -key stand_wave_child_pos_x -value {-2}
gui_set_state_value -category Layout -key stand_wave_child_pos_y -value {-15}
gui_set_state_value -category Layout -key stand_wave_child_size_x -value 1370
gui_set_state_value -category Layout -key stand_wave_child_size_y -value 595
gui_set_state_value -category Layout -key stand_wave_top_pos_x -value 0
gui_set_state_value -category Layout -key stand_wave_top_pos_y -value 60
gui_set_state_value -category Layout -key stand_wave_top_size_x -value 1365
gui_set_state_value -category Layout -key stand_wave_top_size_y -value 767
gui_create_state_key -category FindDialog -key m_pMatchCase -value_type bool -value false
gui_create_state_key -category FindDialog -key m_pMatchWord -value_type bool -value false
gui_create_state_key -category FindDialog -key m_pUseCombo -value_type string -value {}
gui_create_state_key -category FindDialog -key m_pWrapAround -value_type bool -value true
gui_state_default_create -off

# Begin command logging
gui_open_db -file dump.vcd
gui_list_select -id Hier.1 -current_item_name tb_top -current_item_type Scope  -selected  { tb_top   }
gui_list_expand -id  Hier.1   tb_top
gui_list_select -id Hier.1 -current_item_name tb_top.ahb_intf -current_item_type Scope  -selected  { tb_top.ahb_intf   }
gui_list_select -id Data.1 -selected  { tb_top.ahb_intf.HCLK   }
gui_list_select -id Data.1 { tb_top.ahb_intf.HRESETn  tb_top.ahb_intf.HSEL  {tb_top.ahb_intf.HADDR[31:0]}  {tb_top.ahb_intf.HWDATA[31:0]}  {tb_top.ahb_intf.HRDATA[31:0]}  tb_top.ahb_intf.HWRITE  {tb_top.ahb_intf.HSIZE[2:0]}  {tb_top.ahb_intf.HBURST[2:0]}  {tb_top.ahb_intf.HPROT[3:0]}  {tb_top.ahb_intf.HTRANS[1:0]}  tb_top.ahb_intf.HREADYOUT  tb_top.ahb_intf.HREADY  tb_top.ahb_intf.HRESP   }
gui_open_window Wave
gui_list_add -id Wave.1 -from Data.1 { tb_top.ahb_intf.HCLK tb_top.ahb_intf.HRESETn tb_top.ahb_intf.HSEL {tb_top.ahb_intf.HADDR[31:0]} {tb_top.ahb_intf.HWDATA[31:0]} {tb_top.ahb_intf.HRDATA[31:0]} tb_top.ahb_intf.HWRITE {tb_top.ahb_intf.HSIZE[2:0]} {tb_top.ahb_intf.HBURST[2:0]} {tb_top.ahb_intf.HPROT[3:0]} {tb_top.ahb_intf.HTRANS[1:0]} tb_top.ahb_intf.HREADYOUT tb_top.ahb_intf.HREADY tb_top.ahb_intf.HRESP } -insertionbar
gui_wv_zoom_timerange -id  Wave.1 0 315
gui_zoom -window Wave.1 -full
gui_close_window -window TopLevel.2
